# JRE version: OpenJDK Runtime Environment Temurin-17.0.8.1+1 (17.0.8.1+1) (build 17.0.8.1+1)
# Java VM: OpenJDK 64-Bit Server VM Temurin-17.0.8.1+1 (17.0.8.1+1, mixed mode, sharing, tiered, compressed oops, compressed class ptrs, g1 gc, windows-amd64)
GC Precious Log:
 CPUs: 8 total, 8 available
 Memory: 16300M
 Large Page Support: Disabled
 NUMA Support: Disabled
 Compressed Oops: Enabled (Zero based)
 Heap Region Size: 2M
 Heap Min Capacity: 8M
 Heap Initial Capacity: 256M
 Heap Max Capacity: 4076M
 Pre-touch: Disabled
 Parallel Workers: 8
 Concurrent Workers: 2
 Concurrent Refinement Workers: 8
 Periodic GC: Disabled
Heap:
 garbage-first heap   total 262144K, used 109380K [0x0000000701400000, 0x0000000800000000)
  region size 2048K, 2 young (4096K), 2 survivors (4096K)
 Metaspace       used 4937K, committed 5120K, reserved 1114112K
  class space    used 493K, committed 576K, reserved 1048576K
GC Heap History (11 events):
Event: 0.347 GC heap before
{Heap before GC invocations=0 (full 0):
 garbage-first heap   total 262144K, used 59392K [0x0000000701400000, 0x0000000800000000)
  region size 2048K, 11 young (22528K), 0 survivors (0K)
 Metaspace       used 4922K, committed 5120K, reserved 1114112K
  class space    used 493K, committed 576K, reserved 1048576K
}
Event: 0.349 GC heap after
{Heap after GC invocations=1 (full 0):
 garbage-first heap   total 262144K, used 39730K [0x0000000701400000, 0x0000000800000000)
  region size 2048K, 2 young (4096K), 2 survivors (4096K)
 Metaspace       used 4922K, committed 5120K, reserved 1114112K
  class space    used 493K, committed 576K, reserved 1048576K
}
Event: 0.463 GC heap before
{Heap before GC invocations=1 (full 0):
 garbage-first heap   total 262144K, used 138034K [0x0000000701400000, 0x0000000800000000)
  region size 2048K, 12 young (24576K), 2 survivors (4096K)
 Metaspace       used 4928K, committed 5120K, reserved 1114112K
  class space    used 493K, committed 576K, reserved 1048576K
}
Event: 0.465 GC heap after
{Heap after GC invocations=2 (full 0):
 garbage-first heap   total 262144K, used 109397K [0x0000000701400000, 0x0000000800000000)
  region size 2048K, 2 young (4096K), 2 survivors (4096K)
 Metaspace       used 4928K, committed 5120K, reserved 1114112K
  class space    used 493K, committed 576K, reserved 1048576K
}
Event: 0.477 GC heap before
{Heap before GC invocations=2 (full 0):
 garbage-first heap   total 262144K, used 121685K [0x0000000701400000, 0x0000000800000000)
  region size 2048K, 4 young (8192K), 2 survivors (4096K)
 Metaspace       used 4929K, committed 5120K, reserved 1114112K
  class space    used 493K, committed 576K, reserved 1048576K
}
Event: 0.479 GC heap after
{Heap after GC invocations=3 (full 0):
 garbage-first heap   total 262144K, used 68418K [0x0000000701400000, 0x0000000800000000)
  region size 2048K, 2 young (4096K), 2 survivors (4096K)
 Metaspace       used 4929K, committed 5120K, reserved 1114112K
  class space    used 493K, committed 576K, reserved 1048576K
}
Event: 0.524 GC heap before
{Heap before GC invocations=3 (full 0):
 garbage-first heap   total 262144K, used 127810K [0x0000000701400000, 0x0000000800000000)
  region size 2048K, 8 young (16384K), 2 survivors (4096K)
 Metaspace       used 4934K, committed 5120K, reserved 1114112K
  class space    used 493K, committed 576K, reserved 1048576K
}
Event: 0.526 GC heap after
{Heap after GC invocations=4 (full 0):
 garbage-first heap   total 262144K, used 113475K [0x0000000701400000, 0x0000000800000000)
  region size 2048K, 2 young (4096K), 2 survivors (4096K)
 Metaspace       used 4934K, committed 5120K, reserved 1114112K
  class space    used 493K, committed 576K, reserved 1048576K
}
Event: 0.541 GC heap before
{Heap before GC invocations=4 (full 0):
 garbage-first heap   total 262144K, used 123715K [0x0000000701400000, 0x0000000800000000)
  region size 2048K, 4 young (8192K), 2 survivors (4096K)
 Metaspace       used 4935K, committed 5120K, reserved 1114112K
  class space    used 493K, committed 576K, reserved 1048576K
}
Event: 0.542 GC heap after
{Heap after GC invocations=5 (full 0):
 garbage-first heap   total 262144K, used 107333K [0x0000000701400000, 0x0000000800000000)
  region size 2048K, 2 young (4096K), 2 survivors (4096K)
 Metaspace       used 4935K, committed 5120K, reserved 1114112K
  class space    used 493K, committed 576K, reserved 1048576K
}
Event: 0.554 GC heap before
{Heap before GC invocations=5 (full 0):
 garbage-first heap   total 262144K, used 123717K [0x0000000701400000, 0x0000000800000000)
  region size 2048K, 4 young (8192K), 2 survivors (4096K)
 Metaspace       used 4937K, committed 5120K, reserved 1114112K
  class space    used 493K, committed 576K, reserved 1048576K
}

