# JRE version: OpenJDK Runtime Environment Temurin-17.0.8.1+1 (17.0.8.1+1) (build 17.0.8.1+1)
# Java VM: OpenJDK 64-Bit Server VM Temurin-17.0.8.1+1 (17.0.8.1+1, mixed mode, sharing, tiered, compressed oops, compressed class ptrs, g1 gc, windows-amd64)
GC Precious Log:
 CPUs: 8 total, 8 available
 Memory: 16300M
 Large Page Support: Disabled
 NUMA Support: Disabled
 Compressed Oops: Enabled (Zero based)
 Heap Region Size: 2M
 Heap Min Capacity: 8M
 Heap Initial Capacity: 256M
 Heap Max Capacity: 4076M
 Pre-touch: Disabled
 Parallel Workers: 8
 Concurrent Workers: 2
 Concurrent Refinement Workers: 8
 Periodic GC: Disabled
Heap:
 garbage-first heap   total 458752K, used 284077K [0x0000000701400000, 0x0000000800000000)
  region size 2048K, 1 young (2048K), 1 survivors (2048K)
 Metaspace       used 9306K, committed 9536K, reserved 1114112K
  class space    used 1042K, committed 1152K, reserved 1048576K
GC Heap History (20 events):
Event: 0.445 GC heap after
{Heap after GC invocations=3 (full 0):
 garbage-first heap   total 262144K, used 64658K [0x0000000701400000, 0x0000000800000000)
  region size 2048K, 1 young (2048K), 1 survivors (2048K)
 Metaspace       used 4918K, committed 5120K, reserved 1114112K
  class space    used 491K, committed 576K, reserved 1048576K
}
Event: 0.499 GC heap before
{Heap before GC invocations=3 (full 0):
 garbage-first heap   total 262144K, used 128146K [0x0000000701400000, 0x0000000800000000)
  region size 2048K, 8 young (16384K), 1 survivors (2048K)
 Metaspace       used 4924K, committed 5120K, reserved 1114112K
  class space    used 491K, committed 576K, reserved 1048576K
}
Event: 0.500 GC heap after
{Heap after GC invocations=4 (full 0):
 garbage-first heap   total 262144K, used 115863K [0x0000000701400000, 0x0000000800000000)
  region size 2048K, 1 young (2048K), 1 survivors (2048K)
 Metaspace       used 4924K, committed 5120K, reserved 1114112K
  class space    used 491K, committed 576K, reserved 1048576K
}
Event: 0.506 GC heap before
{Heap before GC invocations=4 (full 0):
 garbage-first heap   total 262144K, used 119959K [0x0000000701400000, 0x0000000800000000)
  region size 2048K, 2 young (4096K), 1 survivors (2048K)
 Metaspace       used 4925K, committed 5120K, reserved 1114112K
  class space    used 491K, committed 576K, reserved 1048576K
}
Event: 0.507 GC heap after
{Heap after GC invocations=5 (full 0):
 garbage-first heap   total 262144K, used 103598K [0x0000000701400000, 0x0000000800000000)
  region size 2048K, 1 young (2048K), 1 survivors (2048K)
 Metaspace       used 4925K, committed 5120K, reserved 1114112K
  class space    used 491K, committed 576K, reserved 1048576K
}
Event: 0.521 GC heap before
{Heap before GC invocations=5 (full 0):
 garbage-first heap   total 262144K, used 119982K [0x0000000701400000, 0x0000000800000000)
  region size 2048K, 3 young (6144K), 1 survivors (2048K)
 Metaspace       used 4926K, committed 5120K, reserved 1114112K
  class space    used 491K, committed 576K, reserved 1048576K
}
Event: 0.522 GC heap after
{Heap after GC invocations=6 (full 0):
 garbage-first heap   total 262144K, used 105649K [0x0000000701400000, 0x0000000800000000)
  region size 2048K, 1 young (2048K), 1 survivors (2048K)
 Metaspace       used 4926K, committed 5120K, reserved 1114112K
  class space    used 491K, committed 576K, reserved 1048576K
}
Event: 0.532 GC heap before
{Heap before GC invocations=6 (full 0):
 garbage-first heap   total 262144K, used 117937K [0x0000000701400000, 0x0000000800000000)
  region size 2048K, 3 young (6144K), 1 survivors (2048K)
 Metaspace       used 4927K, committed 5120K, reserved 1114112K
  class space    used 491K, committed 576K, reserved 1048576K
}
Event: 0.533 GC heap after
{Heap after GC invocations=7 (full 0):
 garbage-first heap   total 458752K, used 107673K [0x0000000701400000, 0x0000000800000000)
  region size 2048K, 1 young (2048K), 1 survivors (2048K)
 Metaspace       used 4927K, committed 5120K, reserved 1114112K
  class space    used 491K, committed 576K, reserved 1048576K
}
Event: 0.716 GC heap before
{Heap before GC invocations=7 (full 0):
 garbage-first heap   total 458752K, used 238745K [0x0000000701400000, 0x0000000800000000)
  region size 2048K, 19 young (38912K), 1 survivors (2048K)
 Metaspace       used 4942K, committed 5120K, reserved 1114112K
  class space    used 491K, committed 576K, reserved 1048576K
}
Event: 0.718 GC heap after
{Heap after GC invocations=8 (full 0):
 garbage-first heap   total 458752K, used 208590K [0x0000000701400000, 0x0000000800000000)
  region size 2048K, 3 young (6144K), 3 survivors (6144K)
 Metaspace       used 4942K, committed 5120K, reserved 1114112K
  class space    used 491K, committed 576K, reserved 1048576K
}
Event: 0.720 GC heap before
{Heap before GC invocations=8 (full 0):
 garbage-first heap   total 458752K, used 212686K [0x0000000701400000, 0x0000000800000000)
  region size 2048K, 4 young (8192K), 3 survivors (6144K)
 Metaspace       used 4942K, committed 5120K, reserved 1114112K
  class space    used 491K, committed 576K, reserved 1048576K
}
Event: 0.721 GC heap after
{Heap after GC invocations=9 (full 0):
 garbage-first heap   total 458752K, used 165580K [0x0000000701400000, 0x0000000800000000)
  region size 2048K, 4 young (8192K), 4 survivors (8192K)
 Metaspace       used 4942K, committed 5120K, reserved 1114112K
  class space    used 491K, committed 576K, reserved 1048576K
}
Event: 0.781 GC heap before
{Heap before GC invocations=9 (full 0):
 garbage-first heap   total 458752K, used 224972K [0x0000000701400000, 0x0000000800000000)
  region size 2048K, 11 young (22528K), 4 survivors (8192K)
 Metaspace       used 4946K, committed 5120K, reserved 1114112K
  class space    used 491K, committed 576K, reserved 1048576K
}
Event: 0.782 GC heap after
{Heap after GC invocations=10 (full 0):
 garbage-first heap   total 458752K, used 211227K [0x0000000701400000, 0x0000000800000000)
  region size 2048K, 3 young (6144K), 3 survivors (6144K)
 Metaspace       used 4946K, committed 5120K, reserved 1114112K
  class space    used 491K, committed 576K, reserved 1048576K
}
Event: 1.302 GC heap before
{Heap before GC invocations=11 (full 0):
 garbage-first heap   total 458752K, used 446747K [0x0000000701400000, 0x0000000800000000)
  region size 2048K, 29 young (59392K), 3 survivors (6144K)
 Metaspace       used 9261K, committed 9472K, reserved 1114112K
  class space    used 1042K, committed 1152K, reserved 1048576K
}
Event: 1.305 GC heap after
{Heap after GC invocations=12 (full 0):
 garbage-first heap   total 458752K, used 372655K [0x0000000701400000, 0x0000000800000000)
  region size 2048K, 4 young (8192K), 4 survivors (8192K)
 Metaspace       used 9261K, committed 9472K, reserved 1114112K
  class space    used 1042K, committed 1152K, reserved 1048576K
}
Event: 1.322 GC heap before
{Heap before GC invocations=12 (full 0):
 garbage-first heap   total 458752K, used 409519K [0x0000000701400000, 0x0000000800000000)
  region size 2048K, 12 young (24576K), 4 survivors (8192K)
 Metaspace       used 9305K, committed 9536K, reserved 1114112K
  class space    used 1042K, committed 1152K, reserved 1048576K
}
Event: 1.325 GC heap after
{Heap after GC invocations=13 (full 0):
 garbage-first heap   total 458752K, used 284297K [0x0000000701400000, 0x0000000800000000)
  region size 2048K, 1 young (2048K), 1 survivors (2048K)
 Metaspace       used 9305K, committed 9536K, reserved 1114112K
  class space    used 1042K, committed 1152K, reserved 1048576K
}
Event: 1.327 GC heap before
{Heap before GC invocations=13 (full 0):
 garbage-first heap   total 458752K, used 286345K [0x0000000701400000, 0x0000000800000000)
  region size 2048K, 3 young (6144K), 1 survivors (2048K)
 Metaspace       used 9306K, committed 9536K, reserved 1114112K
  class space    used 1042K, committed 1152K, reserved 1048576K
}

