# JRE version: OpenJDK Runtime Environment Temurin-17.0.8.1+1 (17.0.8.1+1) (build 17.0.8.1+1)
# Java VM: OpenJDK 64-Bit Server VM Temurin-17.0.8.1+1 (17.0.8.1+1, mixed mode, sharing, tiered, compressed oops, compressed class ptrs, g1 gc, windows-amd64)
GC Precious Log:
 CPUs: 8 total, 8 available
 Memory: 16300M
 Large Page Support: Disabled
 NUMA Support: Disabled
 Compressed Oops: Enabled (Zero based)
 Heap Region Size: 2M
 Heap Min Capacity: 8M
 Heap Initial Capacity: 256M
 Heap Max Capacity: 4076M
 Pre-touch: Disabled
 Parallel Workers: 8
 Concurrent Workers: 2
 Concurrent Refinement Workers: 8
 Periodic GC: Disabled
Heap:
 garbage-first heap   total 1202176K, used 538328K [0x0000000701400000, 0x0000000800000000)
  region size 2048K, 4 young (8192K), 4 survivors (8192K)
 Metaspace       used 9339K, committed 9600K, reserved 1114112K
  class space    used 1034K, committed 1152K, reserved 1048576K
GC Heap History (20 events):
Event: 0.797 GC heap after
{Heap after GC invocations=8 (full 0):
 garbage-first heap   total 524288K, used 235650K [0x0000000701400000, 0x0000000800000000)
  region size 2048K, 5 young (10240K), 5 survivors (10240K)
 Metaspace       used 4951K, committed 5120K, reserved 1114112K
  class space    used 491K, committed 576K, reserved 1048576K
}
Event: 0.803 GC heap before
{Heap before GC invocations=8 (full 0):
 garbage-first heap   total 524288K, used 243842K [0x0000000701400000, 0x0000000800000000)
  region size 2048K, 6 young (12288K), 5 survivors (10240K)
 Metaspace       used 4951K, committed 5120K, reserved 1114112K
  class space    used 491K, committed 576K, reserved 1048576K
}
Event: 0.805 GC heap after
{Heap after GC invocations=9 (full 0):
 garbage-first heap   total 524288K, used 189712K [0x0000000701400000, 0x0000000800000000)
  region size 2048K, 5 young (10240K), 5 survivors (10240K)
 Metaspace       used 4951K, committed 5120K, reserved 1114112K
  class space    used 491K, committed 576K, reserved 1048576K
}
Event: 1.037 GC heap before
{Heap before GC invocations=9 (full 0):
 garbage-first heap   total 524288K, used 257296K [0x0000000701400000, 0x0000000800000000)
  region size 2048K, 12 young (24576K), 5 survivors (10240K)
 Metaspace       used 7183K, committed 7360K, reserved 1114112K
  class space    used 786K, committed 896K, reserved 1048576K
}
Event: 1.040 GC heap after
{Heap after GC invocations=10 (full 0):
 garbage-first heap   total 524288K, used 239203K [0x0000000701400000, 0x0000000800000000)
  region size 2048K, 4 young (8192K), 4 survivors (8192K)
 Metaspace       used 7183K, committed 7360K, reserved 1114112K
  class space    used 786K, committed 896K, reserved 1048576K
}
Event: 1.052 GC heap before
{Heap before GC invocations=10 (full 0):
 garbage-first heap   total 524288K, used 245347K [0x0000000701400000, 0x0000000800000000)
  region size 2048K, 6 young (12288K), 4 survivors (8192K)
 Metaspace       used 7184K, committed 7360K, reserved 1114112K
  class space    used 786K, committed 896K, reserved 1048576K
}
Event: 1.054 GC heap after
{Heap after GC invocations=11 (full 0):
 garbage-first heap   total 524288K, used 218491K [0x0000000701400000, 0x0000000800000000)
  region size 2048K, 5 young (10240K), 5 survivors (10240K)
 Metaspace       used 7184K, committed 7360K, reserved 1114112K
  class space    used 786K, committed 896K, reserved 1048576K
}
Event: 1.146 GC heap before
{Heap before GC invocations=11 (full 0):
 garbage-first heap   total 524288K, used 251259K [0x0000000701400000, 0x0000000800000000)
  region size 2048K, 10 young (20480K), 5 survivors (10240K)
 Metaspace       used 7442K, committed 7616K, reserved 1114112K
  class space    used 794K, committed 896K, reserved 1048576K
}
Event: 1.149 GC heap after
{Heap after GC invocations=12 (full 0):
 garbage-first heap   total 524288K, used 238248K [0x0000000701400000, 0x0000000800000000)
  region size 2048K, 5 young (10240K), 5 survivors (10240K)
 Metaspace       used 7442K, committed 7616K, reserved 1114112K
  class space    used 794K, committed 896K, reserved 1048576K
}
Event: 1.162 GC heap before
{Heap before GC invocations=12 (full 0):
 garbage-first heap   total 524288K, used 242344K [0x0000000701400000, 0x0000000800000000)
  region size 2048K, 6 young (12288K), 5 survivors (10240K)
 Metaspace       used 7688K, committed 7936K, reserved 1114112K
  class space    used 830K, committed 960K, reserved 1048576K
}
Event: 1.170 GC heap after
{Heap after GC invocations=13 (full 0):
 garbage-first heap   total 1202176K, used 218519K [0x0000000701400000, 0x0000000800000000)
  region size 2048K, 5 young (10240K), 5 survivors (10240K)
 Metaspace       used 7688K, committed 7936K, reserved 1114112K
  class space    used 830K, committed 960K, reserved 1048576K
}
Event: 1.512 GC heap before
{Heap before GC invocations=13 (full 0):
 garbage-first heap   total 1202176K, used 710039K [0x0000000701400000, 0x0000000800000000)
  region size 2048K, 84 young (172032K), 5 survivors (10240K)
 Metaspace       used 9317K, committed 9536K, reserved 1114112K
  class space    used 1034K, committed 1152K, reserved 1048576K
}
Event: 1.516 GC heap after
{Heap after GC invocations=14 (full 0):
 garbage-first heap   total 1202176K, used 546564K [0x0000000701400000, 0x0000000800000000)
  region size 2048K, 5 young (10240K), 5 survivors (10240K)
 Metaspace       used 9317K, committed 9536K, reserved 1114112K
  class space    used 1034K, committed 1152K, reserved 1048576K
}
Event: 1.519 GC heap before
{Heap before GC invocations=14 (full 0):
 garbage-first heap   total 1202176K, used 552708K [0x0000000701400000, 0x0000000800000000)
  region size 2048K, 7 young (14336K), 5 survivors (10240K)
 Metaspace       used 9321K, committed 9536K, reserved 1114112K
  class space    used 1034K, committed 1152K, reserved 1048576K
}
Event: 1.522 GC heap after
{Heap after GC invocations=15 (full 0):
 garbage-first heap   total 1202176K, used 497654K [0x0000000701400000, 0x0000000800000000)
  region size 2048K, 5 young (10240K), 5 survivors (10240K)
 Metaspace       used 9321K, committed 9536K, reserved 1114112K
  class space    used 1034K, committed 1152K, reserved 1048576K
}
Event: 1.552 GC heap before
{Heap before GC invocations=15 (full 0):
 garbage-first heap   total 1202176K, used 577526K [0x0000000701400000, 0x0000000800000000)
  region size 2048K, 20 young (40960K), 5 survivors (10240K)
 Metaspace       used 9336K, committed 9600K, reserved 1114112K
  class space    used 1034K, committed 1152K, reserved 1048576K
}
Event: 1.555 GC heap after
{Heap after GC invocations=16 (full 0):
 garbage-first heap   total 1202176K, used 513383K [0x0000000701400000, 0x0000000800000000)
  region size 2048K, 4 young (8192K), 4 survivors (8192K)
 Metaspace       used 9336K, committed 9600K, reserved 1114112K
  class space    used 1034K, committed 1152K, reserved 1048576K
}
Event: 1.577 GC heap before
{Heap before GC invocations=17 (full 0):
 garbage-first heap   total 1202176K, used 566631K [0x0000000701400000, 0x0000000800000000)
  region size 2048K, 15 young (30720K), 4 survivors (8192K)
 Metaspace       used 9339K, committed 9600K, reserved 1114112K
  class space    used 1034K, committed 1152K, reserved 1048576K
}
Event: 1.579 GC heap after
{Heap after GC invocations=18 (full 0):
 garbage-first heap   total 1202176K, used 540114K [0x0000000701400000, 0x0000000800000000)
  region size 2048K, 5 young (10240K), 5 survivors (10240K)
 Metaspace       used 9339K, committed 9600K, reserved 1114112K
  class space    used 1034K, committed 1152K, reserved 1048576K
}
Event: 1.588 GC heap before
{Heap before GC invocations=18 (full 0):
 garbage-first heap   total 1202176K, used 550354K [0x0000000701400000, 0x0000000800000000)
  region size 2048K, 8 young (16384K), 5 survivors (10240K)
 Metaspace       used 9339K, committed 9600K, reserved 1114112K
  class space    used 1034K, committed 1152K, reserved 1048576K
}

